<?xml version="1.0" encoding="UTF-8"?>
<testng-results skipped="0" failed="0" total="1" passed="1">
  <reporter-output>
    <line>
      <![CDATA[req page is Displayed]]>
    </line>
    <line>
      <![CDATA[Element is Visible]]>
    </line>
    <line>
      <![CDATA[req page is Displayed]]>
    </line>
    <line>
      <![CDATA[Test:testA is Pass ]]>
    </line>
    <line>
      <![CDATA[Test:testA is Pass]]>
    </line>
  </reporter-output>
  <suite name="Default suite" duration-ms="9503" started-at="2018-10-12T13:52:47Z" finished-at="2018-10-12T13:52:56Z">
    <groups>
      <group name="smoke">
        <method signature="OrangeTC1.testA()[pri:1, instance:script.OrangeTC1@2a5ca609]" name="testA" class="script.OrangeTC1"/>
      </group> <!-- smoke -->
    </groups>
    <test name="Default test" duration-ms="9503" started-at="2018-10-12T13:52:47Z" finished-at="2018-10-12T13:52:56Z">
      <class name="script.OrangeTC1">
        <test-method status="PASS" signature="openApp(java.lang.String, java.lang.String)[pri:0, instance:script.OrangeTC1@2a5ca609]" name="openApp" is-config="true" duration-ms="5539" started-at="2018-10-12T19:22:47Z" finished-at="2018-10-12T19:22:52Z">
          <params>
            <param index="0">
              <value>
                <![CDATA[localhost]]>
              </value>
            </param>
            <param index="1">
              <value>
                <![CDATA[chrome]]>
              </value>
            </param>
          </params>
          <reporter-output>
          </reporter-output>
        </test-method> <!-- openApp -->
        <test-method status="PASS" signature="testA()[pri:1, instance:script.OrangeTC1@2a5ca609]" name="testA" duration-ms="3261" started-at="2018-10-12T19:22:52Z" finished-at="2018-10-12T19:22:55Z">
          <reporter-output>
            <line>
              <![CDATA[req page is Displayed]]>
            </line>
            <line>
              <![CDATA[Element is Visible]]>
            </line>
            <line>
              <![CDATA[req page is Displayed]]>
            </line>
            <line>
              <![CDATA[Test:testA is Pass ]]>
            </line>
          </reporter-output>
        </test-method> <!-- testA -->
        <test-method status="PASS" signature="closeApp(org.testng.ITestResult)[pri:0, instance:script.OrangeTC1@2a5ca609]" name="closeApp" is-config="true" duration-ms="685" started-at="2018-10-12T19:22:55Z" finished-at="2018-10-12T19:22:56Z">
          <params>
            <param index="0">
              <value>
                <![CDATA[[TestResult name=testA status=SUCCESS method=OrangeTC1.testA()[pri:1, instance:script.OrangeTC1@2a5ca609] output=req page is Displayed]]]>
              </value>
            </param>
          </params>
          <reporter-output>
            <line>
              <![CDATA[Test:testA is Pass]]>
            </line>
          </reporter-output>
        </test-method> <!-- closeApp -->
      </class> <!-- script.OrangeTC1 -->
    </test> <!-- Default test -->
  </suite> <!-- Default suite -->
</testng-results>
